<?xml version="1.0" encoding="UTF-8"?>
<testsuite xmlns:xsi="http://www.w3.org/2001/XMLSchema-instance" xsi:noNamespaceSchemaLocation="https://maven.apache.org/surefire/maven-surefire-plugin/xsd/surefire-test-report-3.0.xsd" version="3.0" name="com.example.hexagonal.GreetingResourceTest" time="15.329" tests="1" errors="0" skipped="0" failures="0">
  <properties>
[...]
</properties>
  <testcase name="testHelloEndpoint" classname="com.example.hexagonal.GreetingResourceTest" time="2.762">
    <system-out><![CDATA[2024-07-09 12:10:46,474 INFO  [io.quarkus] (main) arq-hexagonal-class 1.0.0-SNAPSHOT on JVM (powered by Quarkus 3.12.1) started in 5.041s. Listening on: http://localhost:8081
2024-07-09 12:10:46,483 INFO  [io.quarkus] (main) Profile test activated. 
2024-07-09 12:10:46,483 INFO  [io.quarkus] (main) Installed features: [cdi, rest, smallrye-context-propagation, vertx]
]]></system-out>
  </testcase>
</testsuite>